<?xml version="1.0" encoding="UTF-8"?>
<!-- Generated by org.testng.reporters.JUnitReportReporter -->
<testsuite hostname="HASSEN-HP" failures="0" tests="2" name="testNG.TestNG_dataProviderExcel" time="92.924" errors="0" timestamp="2021-02-04T18:10:11 EST" skipped="0">
  <testcase classname="testNG.TestNG_dataProviderExcel" name="test" time="63.782"/>
  <system-out/>
  <testcase classname="testNG.TestNG_dataProviderExcel" name="test" time="29.142"/>
  <system-out/>
</testsuite> <!-- testNG.TestNG_dataProviderExcel -->
