<?xml version="1.0" encoding="UTF-8"?>
<!-- Generated by org.testng.reporters.JUnitReportReporter -->
<testsuite hostname="HASSEN-HP" failures="0" tests="1" name="listeners.Runner" time="0.010" errors="0" timestamp="2022-09-05T12:39:37 EDT" skipped="0">
  <testcase classname="listeners.Runner" name="test1" time="0.010"/>
  <system-out/>
</testsuite> <!-- listeners.Runner -->
