<?xml version="1.0" encoding="UTF-8"?>
<!-- Generated by org.testng.reporters.JUnitReportReporter -->
<testsuite hostname="HASSEN-HP" failures="0" tests="2" name="com.basic.basicselenium.TestNG_dependency" time="0.004" errors="0" timestamp="2021-02-02T14:30:24 EST" skipped="0">
  <testcase classname="com.basic.basicselenium.TestNG_dependency" name="home" time="0.002"/>
  <system-out/>
  <testcase classname="com.basic.basicselenium.TestNG_dependency" name="login" time="0.002"/>
  <system-out/>
</testsuite> <!-- com.basic.basicselenium.TestNG_dependency -->
