<?xml version="1.0" encoding="UTF-8"?>
<!-- Generated by org.testng.reporters.JUnitReportReporter -->
<testsuite hostname="HASSEN-HP" failures="0" tests="25" name="testNG.TestNG_factory" time="0.043" errors="0" timestamp="2021-02-05T11:46:20 EST" skipped="0">
  <testcase classname="testNG.TestNG_factory" name="simpleTest4" time="0.001"/>
  <system-out/>
  <testcase classname="testNG.TestNG_factory" name="simpleTest3" time="0.001"/>
  <system-out/>
  <testcase classname="testNG.TestNG_factory" name="simpleTest4" time="0.001"/>
  <system-out/>
  <testcase classname="testNG.TestNG_factory" name="simpleTest2" time="0.001"/>
  <system-out/>
  <testcase classname="testNG.TestNG_factory" name="simpleTest1" time="0.001"/>
  <system-out/>
  <testcase classname="testNG.TestNG_factory" name="simpleTest4" time="0.001"/>
  <system-out/>
  <testcase classname="testNG.TestNG_factory" name="simpleTest1" time="0.002"/>
  <system-out/>
  <testcase classname="testNG.TestNG_factory" name="simpleTest3" time="0.001"/>
  <system-out/>
  <testcase classname="testNG.TestNG_factory" name="simpleTest3" time="0.002"/>
  <system-out/>
  <testcase classname="testNG.TestNG_factory" name="simpleTest3" time="0.002"/>
  <system-out/>
  <testcase classname="testNG.TestNG_factory" name="simpleTest5" time="0.001"/>
  <system-out/>
  <testcase classname="testNG.TestNG_factory" name="simpleTest2" time="0.001"/>
  <system-out/>
  <testcase classname="testNG.TestNG_factory" name="simpleTest2" time="0.001"/>
  <system-out/>
  <testcase classname="testNG.TestNG_factory" name="simpleTest5" time="0.002"/>
  <system-out/>
  <testcase classname="testNG.TestNG_factory" name="simpleTest3" time="0.001"/>
  <system-out/>
  <testcase classname="testNG.TestNG_factory" name="simpleTest5" time="0.001"/>
  <system-out/>
  <testcase classname="testNG.TestNG_factory" name="simpleTest5" time="0.002"/>
  <system-out/>
  <testcase classname="testNG.TestNG_factory" name="simpleTest1" time="0.010"/>
  <system-out/>
  <testcase classname="testNG.TestNG_factory" name="simpleTest4" time="0.001"/>
  <system-out/>
  <testcase classname="testNG.TestNG_factory" name="simpleTest4" time="0.001"/>
  <system-out/>
  <testcase classname="testNG.TestNG_factory" name="simpleTest2" time="0.002"/>
  <system-out/>
  <testcase classname="testNG.TestNG_factory" name="simpleTest2" time="0.002"/>
  <system-out/>
  <testcase classname="testNG.TestNG_factory" name="simpleTest5" time="0.001"/>
  <system-out/>
  <testcase classname="testNG.TestNG_factory" name="simpleTest1" time="0.002"/>
  <system-out/>
  <testcase classname="testNG.TestNG_factory" name="simpleTest1" time="0.002"/>
  <system-out/>
</testsuite> <!-- testNG.TestNG_factory -->
