<?xml version="1.0" encoding="UTF-8"?>
<!-- Generated by org.testng.reporters.JUnitReportReporter -->
<testsuite hostname="HASSEN-HP" failures="0" tests="5" name="com.basic.basicselenium.TestNG_groups" time="0.015" errors="0" timestamp="2021-02-02T14:30:24 EST" skipped="0">
  <testcase classname="com.basic.basicselenium.TestNG_groups" name="tester" time="0.001"/>
  <system-out/>
  <testcase classname="com.basic.basicselenium.TestNG_groups" name="dot_net" time="0.008"/>
  <system-out/>
  <testcase classname="com.basic.basicselenium.TestNG_groups" name="hr" time="0.003"/>
  <system-out/>
  <testcase classname="com.basic.basicselenium.TestNG_groups" name="java" time="0.002"/>
  <system-out/>
  <testcase classname="com.basic.basicselenium.TestNG_groups" name="training" time="0.001"/>
  <system-out/>
</testsuite> <!-- com.basic.basicselenium.TestNG_groups -->
