<?xml version="1.0" encoding="UTF-8"?>
<!-- Generated by org.testng.reporters.JUnitReportReporter -->
<testsuite hostname="HASSEN-HP" failures="0" tests="3" name="testNG.TestNG_dataProvider" time="53.245" errors="0" timestamp="2021-02-04T10:34:15 EST" skipped="0">
  <testcase classname="testNG.TestNG_dataProvider" name="loginFacebook" time="20.642"/>
  <system-out/>
  <testcase classname="testNG.TestNG_dataProvider" name="loginFacebook" time="17.127"/>
  <system-out/>
  <testcase classname="testNG.TestNG_dataProvider" name="loginFacebook" time="15.476"/>
  <system-out/>
</testsuite> <!-- testNG.TestNG_dataProvider -->
