<?xml version="1.0" encoding="UTF-8"?>
<!-- Generated by org.testng.reporters.JUnitReportReporter -->
<testsuite hostname="HASSEN-HP" failures="0" tests="2" name="com.basic.basicselenium.TestNGTestCases" time="0.006" errors="0" timestamp="2021-02-02T14:07:29 EST" skipped="0">
  <testcase classname="com.basic.basicselenium.TestNGTestCases" name="testcase2" time="0.001"/>
  <system-out/>
  <testcase classname="com.basic.basicselenium.TestNGTestCases" name="testcase1" time="0.005"/>
  <system-out/>
</testsuite> <!-- com.basic.basicselenium.TestNGTestCases -->
