<?xml version="1.0" encoding="UTF-8"?>
<!-- Generated by org.testng.reporters.JUnitReportReporter -->
<testsuite hostname="HASSEN-HP" failures="0" tests="6" name="testNG.TestNG_factoryDataProvider" time="0.007" errors="0" timestamp="2021-02-05T11:46:20 EST" skipped="0">
  <testcase classname="testNG.TestNG_factoryDataProvider" name="testMethodOne" time="0.001"/>
  <system-out/>
  <testcase classname="testNG.TestNG_factoryDataProvider" name="test1" time="0.001"/>
  <system-out/>
  <testcase classname="testNG.TestNG_factoryDataProvider" name="testMethodTwo" time="0.001"/>
  <system-out/>
  <testcase classname="testNG.TestNG_factoryDataProvider" name="test1" time="0.001"/>
  <system-out/>
  <testcase classname="testNG.TestNG_factoryDataProvider" name="testMethodTwo" time="0.002"/>
  <system-out/>
  <testcase classname="testNG.TestNG_factoryDataProvider" name="testMethodOne" time="0.001"/>
  <system-out/>
</testsuite> <!-- testNG.TestNG_factoryDataProvider -->
