<?xml version="1.0" encoding="UTF-8"?>
<!-- Generated by org.testng.reporters.JUnitReportReporter -->
<testsuite hostname="HASSEN-HP" failures="0" tests="1" name="testNG.TestNG_dataProviderWithExcel" time="26.824" errors="0" timestamp="2021-02-04T19:35:55 EST" skipped="0">
  <testcase classname="testNG.TestNG_dataProviderWithExcel" name="test" time="26.824"/>
  <system-out/>
</testsuite> <!-- testNG.TestNG_dataProviderWithExcel -->
