<?xml version="1.0" encoding="UTF-8"?>
<!-- Generated by org.testng.reporters.JUnitReportReporter -->
<testsuite hostname="HASSEN-HP" failures="0" tests="4" name="testNG.TestNG_priority" time="0.004" errors="0" timestamp="2021-02-05T11:46:20 EST" skipped="0">
  <testcase classname="testNG.TestNG_priority" name="testcase3" time="0.001"/>
  <system-out/>
  <testcase classname="testNG.TestNG_priority" name="testcase1" time="0.001"/>
  <system-out/>
  <testcase classname="testNG.TestNG_priority" name="testcase4" time="0.001"/>
  <system-out/>
  <testcase classname="testNG.TestNG_priority" name="testcase2" time="0.001"/>
  <system-out/>
</testsuite> <!-- testNG.TestNG_priority -->
