<?xml version="1.0" encoding="UTF-8"?>
<!-- Generated by org.testng.reporters.JUnitReportReporter -->
<testsuite hostname="HASSEN-HP" failures="0" tests="5" name="testNG.TestNG_groups" time="0.022" errors="0" timestamp="2021-02-03T13:49:51 EST" skipped="0">
  <testcase classname="testNG.TestNG_groups" name="dot_net" time="0.011"/>
  <system-out/>
  <testcase classname="testNG.TestNG_groups" name="java" time="0.003"/>
  <system-out/>
  <testcase classname="testNG.TestNG_groups" name="training" time="0.003"/>
  <system-out/>
  <testcase classname="testNG.TestNG_groups" name="tester" time="0.002"/>
  <system-out/>
  <testcase classname="testNG.TestNG_groups" name="hr" time="0.003"/>
  <system-out/>
</testsuite> <!-- testNG.TestNG_groups -->
