<?xml version="1.0" encoding="UTF-8"?>
<!-- Generated by org.testng.reporters.JUnitReportReporter -->
<testsuite hostname="HASSEN-HP" failures="0" tests="3" name="testNG.TestNG_parameters" time="29.758" errors="0" timestamp="2021-02-09T13:19:29 EST" skipped="0">
  <testcase classname="testNG.TestNG_parameters" name="multipleParameterTest" time="0.002"/>
  <system-out/>
  <testcase classname="testNG.TestNG_parameters" name="invokeBrowser" time="29.754"/>
  <system-out/>
  <testcase classname="testNG.TestNG_parameters" name="singleParameterTest" time="0.002"/>
  <system-out/>
</testsuite> <!-- testNG.TestNG_parameters -->
