<?xml version="1.0" encoding="UTF-8"?>
<!-- Generated by org.testng.reporters.JUnitReportReporter -->
<testsuite hostname="HASSEN-HP" failures="0" tests="4" name="testNG.TestNG_enable" time="0.004" errors="0" timestamp="2021-02-05T11:46:20 EST" skipped="1">
  <testcase classname="testNG.TestNG_enable" name="testcase4" time="0.001"/>
  <system-out/>
  <testcase classname="testNG.TestNG_enable" name="testcase1" time="0.002"/>
  <system-out/>
  <testcase classname="testNG.TestNG_enable" name="testcase3" time="0.001"/>
  <system-out/>
  <testcase classname="testNG.TestNG_enable" name="testcase2">
    <skipped/>
  </testcase> <!-- testcase2 -->
  <system-out/>
</testsuite> <!-- testNG.TestNG_enable -->
