<?xml version="1.0" encoding="UTF-8"?>
<!-- Generated by org.testng.reporters.JUnitReportReporter -->
<testsuite hostname="HASSEN-HP" failures="0" tests="3" name="com.basic.basicselenium.Test_groups" time="0.011" errors="0" timestamp="2021-02-02T14:22:00 EST" skipped="0">
  <testcase classname="com.basic.basicselenium.Test_groups" name="java" time="0.001"/>
  <system-out/>
  <testcase classname="com.basic.basicselenium.Test_groups" name="dot_net" time="0.009"/>
  <system-out/>
  <testcase classname="com.basic.basicselenium.Test_groups" name="tester" time="0.001"/>
  <system-out/>
</testsuite> <!-- com.basic.basicselenium.Test_groups -->
